<?xml version="1.0" encoding="UTF-8"?>
<!-- Generated by org.testng.reporters.JUnitXMLReporter -->
<testsuite ignored="0" hostname="sai-PC" failures="0" tests="3" name="Default test" time="706.77" errors="0" timestamp="2023-04-10T19:23:37 IST">
  <testcase classname="luma_homepage.Create_and_signin" name="loadConfigFile" time="0.457"/>
  <testcase classname="luma_homepage.Create_and_signin" name="driver_Setup" time="15.819"/>
  <testcase classname="luma_homepage.Create_and_signin" name="productSelection" time="690.37"/>
</testsuite> <!-- Default test -->
